/*C1*/SET SCHEMA SYSTEM_LOBS
INSERT INTO BLOCKS VALUES(0,2147483647,0)
COMMIT
/*C2*/SET SCHEMA PUBLIC
\u000a\u000acreate table enderecos(\u000aid  INTEGER IDENTITY PRIMARY KEY,\u000acep varchar(9) not null, -- ex: 43700-000\u000acidade varchar(45) not null,\u000abairro varchar(45) not null,\u000arua varchar (45) not null,\u000anumero varchar(4)\u000a)
create table instituicoes(\u000aid  INTEGER IDENTITY PRIMARY KEY,\u000anome varchar(45) not null,\u000aid_endereco integer,\u000aforeign key(id_endereco) references enderecos(id)\u000a)
create table cursos (\u000aid  INTEGER IDENTITY PRIMARY KEY,\u000anome varchar(45) not null,\u000aduracao integer not null,\u000aid_instituicao integer,\u000aforeign key (id_instituicao) references instituicoes(id)\u000a)
create table papeis(\u000aid  INTEGER IDENTITY PRIMARY KEY,\u000acodigo varchar(45) not null,\u000adescricao varchar(45) not null\u000a)
create table usuarios(\u000aid  INTEGER IDENTITY PRIMARY KEY,\u000anome varchar(45) not null,\u000anome_social varchar(45),\u000aemail varchar(45) not null,\u000acpf varchar(14) not null, -- 111.222.333-00\u000asenha varchar(45) not null,\u000aid_endereco integer,\u000aid_papel integer,\u000aforeign key (id_endereco) references enderecos(id),\u000aforeign key (id_papel) references papeis(id)\u000a)
create table estudantes(\u000aid  INTEGER IDENTITY PRIMARY KEY,\u000aid_curso integer,\u000aid_usuario integer,\u000aforeign key (id_curso) references cursos(id),\u000aforeign key (id_usuario) references usuarios(id)\u000a)
create table onibus(\u000aid  INTEGER IDENTITY PRIMARY KEY,\u000adetalhes varchar(45) not null,\u000asituacao varchar(45) not null,\u000aplaca varchar(10) not null\u000a)
create table motoristas(\u000aid  INTEGER IDENTITY PRIMARY KEY,\u000anome varchar(45) not null,\u000adescricao varchar(45) not null,\u000asituacao varchar(45) not null\u000a)
create table pontos(\u000aid  INTEGER IDENTITY PRIMARY KEY,\u000adescricao varchar(45) not null,\u000ax FLOAT,\u000ay FLOAT \u000a)
create table roteiros(\u000aid  INTEGER IDENTITY PRIMARY KEY,\u000acodigo varchar(10) not null,\u000adescricao varchar(45) not null,\u000atipo varchar(10) not null\u000a)
create table roteiro_ponto(\u000aid  INTEGER IDENTITY PRIMARY KEY,\u000aid_roteiro integer,\u000aid_ponto integer,\u000aforeign key (id_roteiro) references roteiros(id),\u000aforeign key (id_ponto) references pontos(id)\u000a)
create table roteiro_estudante(\u000aid  INTEGER IDENTITY PRIMARY KEY,\u000aid_roteiro integer,\u000aid_estudante integer,\u000aforeign key (id_roteiro) references roteiros(id),\u000aforeign key (id_estudante) references estudantes(id)\u000a)
create table programacao(\u000aid  INTEGER IDENTITY PRIMARY KEY,\u000adia date,\u000ahora_ida time,\u000ahora_volta time,\u000aid_onibus integer,\u000aid_motorista integer,\u000aid_roteiro integer,\u000aforeign key (id_onibus) references onibus(id),\u000aforeign key (id_motorista) references motoristas(id),\u000aforeign key (id_roteiro) references roteiros(id)\u000a)
INSERT INTO ENDERECOS VALUES(0,'41680-400','Salvador','S\u00e3o Marcos','Av. Luis Viana','6775')
INSERT INTO ENDERECOS VALUES(1,'41740-090','Salvador','Pitua\u00e7u','Av. Pinto de Aguiar','2589')
INSERT INTO ENDERECOS VALUES(2,'40231-250','Salvador','Federa\u00e7\u00e3o','Av. Cardeal da Silva','0205')
INSERT INTO ENDERECOS VALUES(3,'41741-590','Salvador','Paralela','Av. Luis Viana','8812')
INSERT INTO ENDERECOS VALUES(4,'42700-000','Lauro de Freitas','Fazendo Pitangueira','Av. Luis Tarquinio Pontes','600')
INSERT INTO ENDERECOS VALUES(5,'41720-200','Salvador','Imbu\u00ed','Av. Luis Viana','3172')
INSERT INTO ENDERECOS VALUES(6,'41720-040','Salvador','Imbu\u00ed','Av. Jorge Amado','0780')
INSERT INTO ENDERECOS VALUES(7,'41770-130','Salvador','Stiep','Rua Xingu','0179')
INSERT INTO ENDERECOS VALUES(8,'40280-000','Salvador','Parque Bela Vista','Av. Ant\u00f4nio Carlos Magalh\u00e3es','3591')
INSERT INTO ENDERECOS VALUES(9,'40060-000','Salvador','Dois de Julho','Av. Sete de Setembro','1105')
INSERT INTO ENDERECOS VALUES(10,'41810-205','Salvador','Pituba','Rua dos Ma\u00e7ons','0364')
INSERT INTO ENDERECOS VALUES(11,'40279-750','Salvador','Brotas','Rua Professora Guiomar Florence','0191')
INSERT INTO ENDERECOS VALUES(12,'40070-200','Salvador','Barris','Rua do Salete','0050')
INSERT INTO ENDERECOS VALUES(13,'40020-306','Salvador','Pelourinho','Rua da Ora\u00e7\u00e3o','0001')
INSERT INTO ENDERECOS VALUES(14,'40010-020','Salvador','Comercio','Av. Estados Unidos','0020')
INSERT INTO ENDERECOS VALUES(15,'41650-010','Salvador','Piat\u00e3','Av. Orlando Gomes','1845')
INSERT INTO ENDERECOS VALUES(16,'41770-235','Salvador','Stiep','Rua Dr. Jos\u00e9 Peroba','0251')
INSERT INTO ENDERECOS VALUES(17,'41301-110','Salvador','Cajazeiras','Estrada da Paci\u00eancia','S/N')
INSERT INTO ENDERECOS VALUES(18,'41680-440','Salvador','Patamares','Av. Tamburugy','0474')
INSERT INTO ENDERECOS VALUES(19,'40110-909','Salvador','Canela','Rua Augusto Viana','S/N')
INSERT INTO ENDERECOS VALUES(20,'40170-110','Salvador','Ondina','Av. Adhemar de Barros','S/N')
INSERT INTO ENDERECOS VALUES(21,'42702-000','Lauro de Freitas','Parque Jockey Clube','Av. Luis Tarquinio Pontes','0938')
INSERT INTO ENDERECOS VALUES(22,'42700-000','Lauro de Freitas','Jardim Aeroporto','Estrada do C\u00f4co','4076')
INSERT INTO ENDERECOS VALUES(23,'40290-000','Salvador','Brotas','Av. Dom Jo\u00e3o VI','0275')
INSERT INTO ENDERECOS VALUES(24,'41800-700','Salvador','Pituba','Av. Antonio Carlos Magalh\u00e3es','2728')
INSERT INTO ENDERECOS VALUES(25,'41810-045','Salvador','Pituba','Rua Rubem Berta','0128')
INSERT INTO ENDERECOS VALUES(26,'41730-101','Salvador','Costa Azul','Rua Dr. Jos\u00e9 Peroba','1225')
INSERT INTO ENDERECOS VALUES(27,'41810-010','Salvador','Pituba','Rua das Hort\u00eansias','0696')
INSERT INTO ENDERECOS VALUES(28,'40280-901','Salvador','Pernambu\u00e9s','Av. Ant\u00f4nio Carlos Magalh\u00e3es','4591')
INSERT INTO ENDERECOS VALUES(29,'40280-000','Salvador','Doron','Rua Professor Fernando Rocha','0254')
INSERT INTO ENDERECOS VALUES(30,'41810-010','Salvador','Pituba','Rua das Hort\u00eansias','0696')
INSERT INTO ENDERECOS VALUES(31,'41730-101','Salvador','Patamares','Av. Luis Viana','8544')
INSERT INTO ENDERECOS VALUES(32,'41150-000','Salvador','Cabula','Rua Silveira Martins','2555')
INSERT INTO ENDERECOS VALUES(33,'40170-010','Salvador','Ondina','Av. Oce\u00e2nica','2717')
INSERT INTO ENDERECOS VALUES(34,'40280-901','Salvador','Pernambu\u00e9s','Av. Ant\u00f4nio Carlos Magalh\u00e3es','4591')
INSERT INTO ENDERECOS VALUES(35,'41940-060','Salvador','Tororo','Av. Juracy Magalh\u00e3es','0209')
INSERT INTO ENDERECOS VALUES(36,'41830-001','Salvador','Amaralina','2\u00aa Travessa Adelm\u00e1rio Pinehiro','S/N')
INSERT INTO ENDERECOS VALUES(37,'40100-060','Salvador','Canela','Av. Leovigildo Filgueiras','0081')
INSERT INTO ENDERECOS VALUES(38,'40010-020','Salvador','Comercio','Av. Estados Unidos','0344')
INSERT INTO ENDERECOS VALUES(39,'40050-003','Salvador','Nazar\u00e9','Av. Joana Ang\u00e9lica','1381')
INSERT INTO ENDERECOS VALUES(40,'40040-410','Salvador','Nazar\u00e9','Rua Junqueira Freire','0133')
INSERT INTO ENDERECOS VALUES(41,'42700-000','Lauro de Freitas','Fazenda Pitangueira','Rua Praia de Itaparica','0023')
INSERT INTO ENDERECOS VALUES(42,'42700-000','Lauro de Freitas','Pitangueiras','Av. Luis Tarquino Pontes','0407')
INSERT INTO ENDERECOS VALUES(43,'41150-000','Salvador','CSD','Rua Silveira Martins','S/N')
INSERT INTO ENDERECOS VALUES(44,'42800-000','Cama\u00e7ari','Santo Antonio','BA-512','S/N')
INSERT INTO ENDERECOS VALUES(45,'40301-015','Salvador','Barbalho','Rua Em\u00eddio dos Santos','S/N')
INSERT INTO ENDERECOS VALUES(46,'41720-350','Salvador','Imbu\u00ed','Rua Adhemar Pinheiro Lemos','1617')
INSERT INTO ENDERECOS VALUES(47,'43250-350','Nova York','Torre Stark','Av. da Vingan\u00e7a','8686')
INSERT INTO ENDERECOS VALUES(48,'42800-105','Salvador','Pitua\u00e7u','Av. Professor Almir Dantas','0440')
INSERT INTO ENDERECOS VALUES(49,'40343-000','Salvador','Vila Nova','Rua das Dividas','0171')
INSERT INTO ENDERECOS VALUES(50,'41087-010','Cama\u00e7ari','Centro','Av. Joana Ang\u00e9lica','0542')
INSERT INTO ENDERECOS VALUES(51,'40330-667','Salvador','Cajazeiras','Av. Beira Mar','1007')
COMMIT
INSERT INTO INSTITUICOES VALUES(0,'UNIJORGE',1)
INSERT INTO INSTITUICOES VALUES(1,'UCSAL',2)
INSERT INTO INSTITUICOES VALUES(2,'UCSAL',3)
INSERT INTO INSTITUICOES VALUES(3,'FTC',4)
INSERT INTO INSTITUICOES VALUES(4,'UNIME',5)
INSERT INTO INSTITUICOES VALUES(5,'\u00c1REA 1',6)
INSERT INTO INSTITUICOES VALUES(6,'UNICEUSA',7)
INSERT INTO INSTITUICOES VALUES(7,'ESTACIO FIB',8)
INSERT INTO INSTITUICOES VALUES(8,'UNINTER',9)
INSERT INTO INSTITUICOES VALUES(9,'UNINASSAU',10)
INSERT INTO INSTITUICOES VALUES(10,'UNINASSAU',11)
INSERT INTO INSTITUICOES VALUES(11,'S\u00c3O SALVADOR',12)
INSERT INTO INSTITUICOES VALUES(12,'VISCONDE DE CAIRU',13)
INSERT INTO INSTITUICOES VALUES(13,'FUNCEB',14)
INSERT INTO INSTITUICOES VALUES(14,'D. PEDRO II',15)
INSERT INTO INSTITUICOES VALUES(15,'SENAI CIMATEC',16)
INSERT INTO INSTITUICOES VALUES(16,'UNIFACS',17)
INSERT INTO INSTITUICOES VALUES(17,'VASCO DA GAMA',18)
INSERT INTO INSTITUICOES VALUES(18,'UNIRB',19)
INSERT INTO INSTITUICOES VALUES(19,'UFBA',20)
INSERT INTO INSTITUICOES VALUES(20,'UFBA',21)
INSERT INTO INSTITUICOES VALUES(21,'SENAI CETIND',22)
INSERT INTO INSTITUICOES VALUES(22,'FABAC',23)
INSERT INTO INSTITUICOES VALUES(23,'BAIANA',24)
INSERT INTO INSTITUICOES VALUES(24,'UNIVERSO',25)
INSERT INTO INSTITUICOES VALUES(25,'CASTRO ALVES',26)
INSERT INTO INSTITUICOES VALUES(26,'RUY BARBOSA',27)
INSERT INTO INSTITUICOES VALUES(27,'UNICENID',28)
INSERT INTO INSTITUICOES VALUES(28,'H\u00c9LIO ROCHA',29)
INSERT INTO INSTITUICOES VALUES(29,'FACESA',30)
INSERT INTO INSTITUICOES VALUES(30,'UNIME',31)
INSERT INTO INSTITUICOES VALUES(31,'UNEB',32)
INSERT INTO INSTITUICOES VALUES(32,'FSBA',33)
INSERT INTO INSTITUICOES VALUES(33,'S\u00c3O THOMAZ DE AQUINO',34)
INSERT INTO INSTITUICOES VALUES(34,'S\u00c3O CAMILO',35)
INSERT INTO INSTITUICOES VALUES(35,'DOIS DE JULHO',36)
INSERT INTO INSTITUICOES VALUES(36,'F. DA CIDADE',37)
INSERT INTO INSTITUICOES VALUES(37,'EEEMBA',38)
INSERT INTO INSTITUICOES VALUES(38,'S\u00c3O JUDAS TADEU',39)
INSERT INTO INSTITUICOES VALUES(39,'APOIO',40)
INSERT INTO INSTITUICOES VALUES(40,'UNIBAHIA',41)
INSERT INTO INSTITUICOES VALUES(41,'APOIO',42)
INSERT INTO INSTITUICOES VALUES(42,'IBES',43)
INSERT INTO INSTITUICOES VALUES(43,'UNEB',44)
INSERT INTO INSTITUICOES VALUES(44,'IFBA',45)
INSERT INTO INSTITUICOES VALUES(45,'FBE',46)
COMMIT
INSERT INTO CURSOS VALUES(0,'ADMINISTRA\u00c7\u00c3O',4,25)
INSERT INTO CURSOS VALUES(1,'ADMINISTRA\u00c7\u00c3O',4,2)
INSERT INTO CURSOS VALUES(2,'ARQUITETURA',4,4)
INSERT INTO CURSOS VALUES(3,'ARQUITETURA',4,12)
INSERT INTO CURSOS VALUES(4,'ARQUITETURA',4,9)
INSERT INTO CURSOS VALUES(5,'BIOLOGIA',4,24)
INSERT INTO CURSOS VALUES(6,'BIOLOGIA',4,32)
INSERT INTO CURSOS VALUES(7,'BIOLOGIA',4,41)
INSERT INTO CURSOS VALUES(8,'DIREITO',5,1)
INSERT INTO CURSOS VALUES(9,'DIREITO',5,2)
INSERT INTO CURSOS VALUES(10,'DIREITO',5,6)
INSERT INTO CURSOS VALUES(11,'MEDICINA',5,45)
INSERT INTO CURSOS VALUES(12,'MEDICINA',5,15)
INSERT INTO CURSOS VALUES(13,'MEDICINA',5,20)
INSERT INTO CURSOS VALUES(14,'ENGENHARIA CIVIL',4,10)
INSERT INTO CURSOS VALUES(15,'ENGENHARIA CIVIL',4,3)
INSERT INTO CURSOS VALUES(16,'ENGENHARIA CIVIL',4,33)
INSERT INTO CURSOS VALUES(17,'BIOMEDICINA',4,5)
INSERT INTO CURSOS VALUES(18,'BIOMEDICINA',4,7)
INSERT INTO CURSOS VALUES(19,'BIOMEDICINA',4,17)
INSERT INTO CURSOS VALUES(20,'CI\u00caNCIA DA COMPUTA\u00c7\u00c3O',4,28)
INSERT INTO CURSOS VALUES(21,'CI\u00caNCIA DA COMPUTA\u00c7\u00c3O',4,42)
INSERT INTO CURSOS VALUES(22,'CI\u00caNCIA DA COMPUTA\u00c7\u00c3O',4,38)
INSERT INTO CURSOS VALUES(23,'JORNALISMO',4,8)
INSERT INTO CURSOS VALUES(24,'JORNALISMO',4,14)
INSERT INTO CURSOS VALUES(25,'JORNALISMO',4,17)
INSERT INTO CURSOS VALUES(26,'AN\u00c1LISE E DESENVOLVIMENTO DE SISTEMAS',2,12)
INSERT INTO CURSOS VALUES(27,'AN\u00c1LISE E DESENVOLVIMENTO DE SISTEMAS',2,35)
INSERT INTO CURSOS VALUES(28,'AN\u00c1LISE E DESENVOLVIMENTO DE SISTEMAS',2,20)
INSERT INTO CURSOS VALUES(29,'ENGENHARIA DE SOFTWARE',4,2)
INSERT INTO CURSOS VALUES(30,'PSICOLOGIA',4,2)
INSERT INTO CURSOS VALUES(31,'PSICOLOGIA',4,1)
INSERT INTO CURSOS VALUES(32,'PSICOLOGIA',4,31)
INSERT INTO CURSOS VALUES(33,'FISIOTERAPIA',4,5)
INSERT INTO CURSOS VALUES(34,'FISIOTERAPIA',4,22)
INSERT INTO CURSOS VALUES(35,'FISIOTERAPIA',4,37)
INSERT INTO CURSOS VALUES(36,'ENFERMAGEM',4,16)
INSERT INTO CURSOS VALUES(37,'ENFERMAGEM',4,43)
INSERT INTO CURSOS VALUES(38,'ENFERMAGEM',4,30)
COMMIT
INSERT INTO PAPEIS VALUES(0,'Administrador','Usu\u00e1rio com permiss\u00e3o de administrador')
INSERT INTO PAPEIS VALUES(1,'Estudante','Usu\u00e1rio comum')
COMMIT
INSERT INTO ROTEIROS VALUES(0,'R-01','Roteiro do turno matutino','SEDE')
INSERT INTO ROTEIROS VALUES(1,'R-01A','Roteiro do turno matutino','SEDE')
INSERT INTO ROTEIROS VALUES(2,'R-01B','Roteiro do turno matutino','SEDE')
INSERT INTO ROTEIROS VALUES(3,'R-21','Roteiro do turno matutino','SEDE')
INSERT INTO ROTEIROS VALUES(4,'R-21A','Roteiro do turno matutino','SEDE')
INSERT INTO ROTEIROS VALUES(5,'R-28','Roteiro do turno matutino','SEDE')
INSERT INTO ROTEIROS VALUES(6,'R-28A','Roteiro do turno matutino','SEDE')
INSERT INTO ROTEIROS VALUES(7,'R-32','Roteiro do turno matutino','SEDE')
INSERT INTO ROTEIROS VALUES(8,'R-33','Roteiro do turno matutino','SEDE')
INSERT INTO ROTEIROS VALUES(9,'R-35','Roteiro do turno matutino','SEDE')
INSERT INTO ROTEIROS VALUES(10,'R-02','Roteiro do turno vespertino','SEDE')
INSERT INTO ROTEIROS VALUES(11,'R-03','Roteiro do turno vespertino','SEDE')
INSERT INTO ROTEIROS VALUES(12,'R-04','Roteiro do turno vespertino','SEDE')
INSERT INTO ROTEIROS VALUES(13,'R-04A','Roteiro do turno vespertino','SEDE')
INSERT INTO ROTEIROS VALUES(14,'R-05','Roteiro do turno noturno','SEDE')
INSERT INTO ROTEIROS VALUES(15,'R-05A','Roteiro do turno noturno','SEDE')
INSERT INTO ROTEIROS VALUES(16,'R-05B','Roteiro do turno noturno','SEDE')
INSERT INTO ROTEIROS VALUES(17,'R-06','Roteiro do turno noturno','SEDE')
INSERT INTO ROTEIROS VALUES(18,'R-06A','Roteiro do turno noturno','SEDE')
INSERT INTO ROTEIROS VALUES(19,'R-06B','Roteiro do turno noturno','SEDE')
INSERT INTO ROTEIROS VALUES(20,'R-06C','Roteiro do turno noturno','SEDE')
INSERT INTO ROTEIROS VALUES(21,'R-06D','Roteiro do turno noturno','SEDE')
INSERT INTO ROTEIROS VALUES(22,'R-06E','Roteiro do turno noturno','SEDE')
INSERT INTO ROTEIROS VALUES(23,'R-07','Roteiro do turno noturno','SEDE')
INSERT INTO ROTEIROS VALUES(24,'R-07A','Roteiro do turno noturno','SEDE')
INSERT INTO ROTEIROS VALUES(25,'R-07B','Roteiro do turno noturno','SEDE')
INSERT INTO ROTEIROS VALUES(26,'R-08(08B)','Roteiro do turno noturno','SEDE')
INSERT INTO ROTEIROS VALUES(27,'R-08(08C)','Roteiro do turno noturno','SEDE')
INSERT INTO ROTEIROS VALUES(28,'R-09','Roteiro do turno noturno','SEDE')
INSERT INTO ROTEIROS VALUES(29,'R-10','Roteiro do turno noturno','SEDE')
INSERT INTO ROTEIROS VALUES(30,'R-11','Roteiro do turno noturno','SEDE')
INSERT INTO ROTEIROS VALUES(31,'R-12','Roteiro do turno noturno','SEDE')
INSERT INTO ROTEIROS VALUES(32,'R-13A','Roteiro do turno noturno','SEDE')
INSERT INTO ROTEIROS VALUES(33,'R-13B','Roteiro do turno noturno','SEDE')
INSERT INTO ROTEIROS VALUES(34,'R-13C','Roteiro do turno noturno','SEDE')
INSERT INTO ROTEIROS VALUES(35,'R-13D','Roteiro do turno noturno','SEDE')
INSERT INTO ROTEIROS VALUES(36,'R-13E','Roteiro do turno noturno','SEDE')
INSERT INTO ROTEIROS VALUES(37,'R-14A','Roteiro do turno noturno','SEDE')
INSERT INTO ROTEIROS VALUES(38,'R-14C','Roteiro do turno noturno','SEDE')
INSERT INTO ROTEIROS VALUES(39,'R-14D','Roteiro do turno noturno','SEDE')
INSERT INTO ROTEIROS VALUES(40,'R-14F','Roteiro do turno noturno','SEDE')
INSERT INTO ROTEIROS VALUES(41,'R-18','Roteiro do turno noturno','SEDE')
INSERT INTO ROTEIROS VALUES(42,'R-18A','Roteiro do turno noturno','SEDE')
INSERT INTO ROTEIROS VALUES(43,'R-18B','Roteiro do turno noturno','SEDE')
INSERT INTO ROTEIROS VALUES(44,'R-20A','Roteiro do turno noturno','SEDE')
INSERT INTO ROTEIROS VALUES(45,'R-26A','Roteiro do turno noturno','SEDE')
INSERT INTO ROTEIROS VALUES(46,'R-31','Roteiro do turno noturno','SEDE')
INSERT INTO ROTEIROS VALUES(47,'R-22','Roteiro do turno matutino','ORLA')
INSERT INTO ROTEIROS VALUES(48,'R-22A','Roteiro do turno matutino','ORLA')
INSERT INTO ROTEIROS VALUES(49,'R-19','Roteiro do turno vespertino','ORLA')
INSERT INTO ROTEIROS VALUES(50,'R-15','Roteiro do turno noturno','ORLA')
INSERT INTO ROTEIROS VALUES(51,'R-16','Roteiro do turno noturno','ORLA')
INSERT INTO ROTEIROS VALUES(52,'R-16A','Roteiro do turno noturno','ORLA')
INSERT INTO ROTEIROS VALUES(53,'R-16B','Roteiro do turno noturno','ORLA')
INSERT INTO ROTEIROS VALUES(54,'R-16C','Roteiro do turno noturno','ORLA')
INSERT INTO ROTEIROS VALUES(55,'R-17','Roteiro do turno noturno','ORLA')
INSERT INTO ROTEIROS VALUES(56,'R-17A','Roteiro do turno noturno','ORLA')
INSERT INTO ROTEIROS VALUES(57,'R-17B','Roteiro do turno noturno','ORLA')
INSERT INTO ROTEIROS VALUES(58,'R-20','Roteiro do turno noturno','ORLA')
INSERT INTO ROTEIROS VALUES(59,'R-27','Roteiro do turno noturno','ORLA')
INSERT INTO ROTEIROS VALUES(60,'R-27A','Roteiro do turno noturno','ORLA')
COMMIT
INSERT INTO PONTOS VALUES(0,'Estrada do Coc\u00f4',-12.8770103E0,-38.3118521E0)
COMMIT
INSERT INTO MOTORISTAS VALUES(0,'David Oliveira','Motorista do turno matutino','Habilitado')
INSERT INTO MOTORISTAS VALUES(1,'Gustavo Pereira ','Motorista do turno matutino','Habilitado')
INSERT INTO MOTORISTAS VALUES(2,'Jairo Jos\u00e9','Motorista do turno matutino','Habilitado')
INSERT INTO MOTORISTAS VALUES(3,'William Charles','Motorista do turno matutino','F\u00e9rias de 02/06 a 28/06')
INSERT INTO MOTORISTAS VALUES(4,'Denes Oliveira','Motorista do turno matutino','Habilitado')
INSERT INTO MOTORISTAS VALUES(5,'Leandro Jos\u00e9','Motorista do turno matutino','Habilitado')
INSERT INTO MOTORISTAS VALUES(6,'Daniel dos Santos','Motorista do turno matutino','Habilitado')
INSERT INTO MOTORISTAS VALUES(7,'Itamar de Carvalho','Motorista do turno matutino','F\u00e9rias de 01/03 a 29/03')
INSERT INTO MOTORISTAS VALUES(8,'\u00c1lvaro Rog\u00e9rio','Motorista do turno matutino','Habilitado')
INSERT INTO MOTORISTAS VALUES(9,'Alcione Monteiro','Motorista do turno matutino','Habilitado')
INSERT INTO MOTORISTAS VALUES(10,'Carlos Andr\u00e9','Motorista do turno matutino','Habilitado')
INSERT INTO MOTORISTAS VALUES(11,'Silvano Silveste','Motorista do turno matutino','Habilitado')
INSERT INTO MOTORISTAS VALUES(12,'Jonas Augusto','Motorista do turno vespertino','Habilitado')
INSERT INTO MOTORISTAS VALUES(13,'Carlos Andrade','Motorista do turno vespertino','F\u00e9rias de 05/09 a 03/10')
INSERT INTO MOTORISTAS VALUES(14,'Marcello Henryque','Motorista do turno vespertino','Habilitado')
INSERT INTO MOTORISTAS VALUES(15,'Denys Vytor','Motorista do turno vespertino','Habilitado')
INSERT INTO MOTORISTAS VALUES(16,'Ariano Fernandes','Motorista do turno vespertino','Habilitado')
INSERT INTO MOTORISTAS VALUES(17,'Alvaro Braga','Motorista do turno noturno','Habilitado')
INSERT INTO MOTORISTAS VALUES(18,'Danilo Leite','Motorista do turno noturno','Habilitado')
INSERT INTO MOTORISTAS VALUES(19,'Iago Santana','Motorista do turno noturno','Habilitado')
INSERT INTO MOTORISTAS VALUES(20,'Diogo Andrade','Motorista do turno noturno','Habilitado')
INSERT INTO MOTORISTAS VALUES(21,'Jo\u00e3o C\u00e9lio','Motorista do turno noturno','Habilitado')
INSERT INTO MOTORISTAS VALUES(22,'Heraldo Melo','Motorista do turno noturno','F\u00e9rias de 29/04 a 28/05')
INSERT INTO MOTORISTAS VALUES(23,'Jean Souza','Motorista do turno noturno','Habilitado')
INSERT INTO MOTORISTAS VALUES(24,'Raimundo Campos','Motorista do turno noturno','Habilitado')
INSERT INTO MOTORISTAS VALUES(25,'Nelson Pereira','Motorista do turno noturno','Habilitado')
INSERT INTO MOTORISTAS VALUES(26,'Raul Junior','Motorista do turno noturno','Habilitado')
INSERT INTO MOTORISTAS VALUES(27,'Luiz Geraldo','Motorista do turno noturno','Habilitado')
INSERT INTO MOTORISTAS VALUES(28,'Antonio Nunes','Motorista do turno noturno','Habilitado')
INSERT INTO MOTORISTAS VALUES(29,'Bruno Concei\u00e7\u00e3o','Motorista do turno noturno','Habilitado')
INSERT INTO MOTORISTAS VALUES(30,'Carlos Altair','Motorista do turno noturno','Habilitado')
INSERT INTO MOTORISTAS VALUES(31,'Divaldo Lira','Motorista do turno noturno','Habilitado')
INSERT INTO MOTORISTAS VALUES(32,'Alias dos Santos','Motorista do turno noturno','Habilitado')
INSERT INTO MOTORISTAS VALUES(33,'Elizandro Lopes','Motorista do turno noturno','Habilitado')
INSERT INTO MOTORISTAS VALUES(34,'Luis Augusto','Motorista do turno noturno','Atestado M\u00e9dico')
INSERT INTO MOTORISTAS VALUES(35,'Mateus Guerra','Motorista do turno noturno','Habilitado')
INSERT INTO MOTORISTAS VALUES(36,'Renato Oliveira','Motorista do turno noturno','Habilitado')
INSERT INTO MOTORISTAS VALUES(37,'Marlon de Luna','Motorista do turno noturno','Habilitado')
INSERT INTO MOTORISTAS VALUES(38,'Gleisson Rodrigo','Motorista do turno noturno','Habilitado')
INSERT INTO MOTORISTAS VALUES(39,'Roberto Almeida','Motorista do turno noturno','Habilitado')
INSERT INTO MOTORISTAS VALUES(40,'Genivaldo Silva','Motorista do turno noturno','Habilitado')
INSERT INTO MOTORISTAS VALUES(41,'Pablo Matos','Motorista do turno noturno','Habilitado')
INSERT INTO MOTORISTAS VALUES(42,'Renigio Pereira','Motorista do turno noturno','F\u00e9rias de 14/08 a 12/09')
INSERT INTO MOTORISTAS VALUES(43,'Geovani da Silva','Motorista do turno noturno','Habilitado')
INSERT INTO MOTORISTAS VALUES(44,'Fernando Prado','Motorista do turno noturno','Habilitado')
COMMIT
INSERT INTO ONIBUS VALUES(0,'Mercedes MB OF 1318','Habilitado','IFW-4801')
INSERT INTO ONIBUS VALUES(1,'Mercedes MB OF 1318','Habilitado','IDQ-7123')
INSERT INTO ONIBUS VALUES(2,'Mercedes MB OF 1318','Habilitado','IGL-7842')
INSERT INTO ONIBUS VALUES(3,'Mercedes MB OF 1620','Habilitado','IEY-6697')
INSERT INTO ONIBUS VALUES(4,'Mercedes MB OF 1620','Habilitado','IFK-6013')
INSERT INTO ONIBUS VALUES(5,'Mercedes MB OF 1620','Habilitado','IHC-5708')
INSERT INTO ONIBUS VALUES(6,'MB 1628 Motor Traseiro','Habilitado','MEF-9310')
INSERT INTO ONIBUS VALUES(7,'MB Polo Viale U OF 1721','Habilitado','ILE-5634')
INSERT INTO ONIBUS VALUES(8,'MB Polo Viale U OF 1721','Habilitado','ILC-3419')
INSERT INTO ONIBUS VALUES(9,'VW/15.190 EOD','Habilitado','IUP-9930')
INSERT INTO ONIBUS VALUES(10,'MB OF 1519 ','Habilitado','IUR-0240')
INSERT INTO ONIBUS VALUES(11,'MB OF 1519 ','Habilitado','IWB-9097')
INSERT INTO ONIBUS VALUES(12,'MB INDUSCAR APACHE OF 1519','Habilitado','LKI-2379')
INSERT INTO ONIBUS VALUES(13,'MB INDUSCAR APACHE OF 1519','Habilitado','LOZ-4519')
INSERT INTO ONIBUS VALUES(14,'MB INDUSCAR APACHE OF 1519','Habilitado','KUR-9497')
INSERT INTO ONIBUS VALUES(15,'FIAT/DUCATO','Habilitado','JJU-1989')
INSERT INTO ONIBUS VALUES(16,'MARCOPOLO/VOLARE W9','Habilitado','PAC-1811')
INSERT INTO ONIBUS VALUES(17,'MARCOPOLO/VOLARE W','Habilitado','JKH8391')
INSERT INTO ONIBUS VALUES(18,'MARCOPOLO/VOLARE W9','Habilitado','JJE-2657')
INSERT INTO ONIBUS VALUES(19,'VOLVO/MASCARELLO/GRANVIA','Habilitado','JJL-1548')
INSERT INTO ONIBUS VALUES(20,'MERCEDES BENZ','Habilitado','PAE-1032')
INSERT INTO ONIBUS VALUES(21,'VW MASCARELLO ','Habilitado','PBM-3187')
INSERT INTO ONIBUS VALUES(22,'VW MASCARELLO ','Habilitado','PBM-3188')
INSERT INTO ONIBUS VALUES(23,'RENAULT/MASTER BUS','Habilitado','JKH-8341')
INSERT INTO ONIBUS VALUES(24,'RENAULT/MASTER BUS ','Habilitado','JKH 8323')
INSERT INTO ONIBUS VALUES(25,'VW/ COMIL SVELTO','Habilitado','PAE-1065')
INSERT INTO ONIBUS VALUES(26,'MPOLO/VOLARE','Habilitado','QFG-0793')
INSERT INTO ONIBUS VALUES(27,'\u00d4NIBUS M.BENZ/OF','Habilitado','BWT-7853')
INSERT INTO ONIBUS VALUES(28,'MPOLO/VOLARE V8L','Habilitado','OGC-4999')
INSERT INTO ONIBUS VALUES(29,'IVECO/CITYCLASS','Habilitado','OGD-1456')
INSERT INTO ONIBUS VALUES(30,'MARCOPOLO/VOLARE','Habilitado',' OGE-5430')
INSERT INTO ONIBUS VALUES(31,'MARCOPOLO/VOLARE','Habilitado','MOK-9182')
INSERT INTO ONIBUS VALUES(32,'MORCOPOLO/VOLARE','Habilitado','QFF-9175')
INSERT INTO ONIBUS VALUES(33,'VW/15.190','Habilitado','NQA-4944')
INSERT INTO ONIBUS VALUES(34,'ORE/VOLKSWAGEN','Habilitado','QSE-3519')
INSERT INTO ONIBUS VALUES(35,'ORE/VOLKSWAGEN','Habilitado','QSE-3499')
INSERT INTO ONIBUS VALUES(36,'MERCEDES BENZ','Habilitado','QFX-4706')
INSERT INTO ONIBUS VALUES(37,'COMIL SVELTO U/VOLKSWAGEN','Habilitado','OEY-4674')
COMMIT
INSERT INTO USUARIOS VALUES(15,'Tony Stark','w','admin@ucsal.br','145.627.723-92','admin',47,0)
INSERT INTO USUARIOS VALUES(16,'Peter Parker','e','peterp@ucsal.br','573.522.759-01','1234',48,1)
INSERT INTO USUARIOS VALUES(17,'Seu Madruga','ww','madruga@ucsal.br','344.343.667.12','1234',49,1)
INSERT INTO USUARIOS VALUES(18,'Eduado Moraes','w','edu@ucsal.br','866.231.234-63','1234',50,1)
INSERT INTO USUARIOS VALUES(19,'Silvester Istalonge','w','rambo@ucsal.br','033.324.866-34','1234',50,1)
COMMIT
create table teste(\u000aid INTEGER GENERATED BY DEFAULT AS IDENTITY(START WITH 1, INCREMENT BY 1)\u000a)
drop table teste
create table teste(\u000aid INTEGER GENERATED BY DEFAULT AS IDENTITY(START WITH 100, INCREMENT BY 1) PRIMARY KEY,\u000anome varchar(10)\u000a)
INSERT INTO TESTE VALUES(100,'nn')
INSERT INTO TESTE VALUES(101,'nnd')
INSERT INTO TESTE VALUES(102,'nnm')
INSERT INTO TESTE VALUES(103,'mm')
COMMIT
DISCONNECT
